<?xml version="1.0" encoding="UTF-8"?>
<!-- Generated by org.testng.reporters.JUnitReportReporter -->
<testsuite hostname="DESKTOP-4NOPR6F" failures="0" tests="1" name="demo.Example3" time="9.917" errors="0" timestamp="2023-03-23T16:31:53 IST" skipped="0">
  <testcase classname="demo.Example3" name="main" time="9.917"/>
  <system-out/>
</testsuite> <!-- demo.Example3 -->
