<?xml version="1.0" encoding="UTF-8"?>
<!-- Generated by org.testng.reporters.JUnitReportReporter -->
<testsuite hostname="DESKTOP-4NOPR6F" failures="0" tests="1" name="demo.FirstClass" time="10.776" errors="0" timestamp="2023-03-23T12:39:51 IST" skipped="0">
  <testcase classname="demo.FirstClass" name="main" time="10.776"/>
  <system-out/>
</testsuite> <!-- demo.FirstClass -->
