<?xml version="1.0" encoding="UTF-8"?>
<!-- Generated by org.testng.reporters.JUnitReportReporter -->
<testsuite hostname="DESKTOP-4NOPR6F" failures="0" tests="1" name="demo.Example4" time="9.072" errors="0" timestamp="2023-03-23T16:53:16 IST" skipped="0">
  <testcase classname="demo.Example4" name="main" time="9.072"/>
  <system-out/>
</testsuite> <!-- demo.Example4 -->
